2020-02-04 01:30:37 INFO  PluginTasksProjectComponent.projectOpened(77) - ---------- Project opened ----------
2020-02-04 01:30:37 INFO  PluginTasksProjectComponent.projectOpened(78) - ---------- Version 3.37 ----------

2020-02-04 01:30:37 INFO  PluginTasksProjectComponent.setAutoscrolls(366) - Autoscrolls successfully set
2020-02-04 01:30:38 INFO  ApacheHttpClient.createAsyncHttpClient(143) - 1 proxies selected. Type: DIRECT
2020-02-04 01:30:38 INFO  ApacheHttpClient.<init>(94) - ApacheHttpClient was successfully instantiated.
2020-02-04 01:30:39 INFO  ApacheHttpClient.testConnection(201) - responseCode = 200
2020-02-04 01:30:39 INFO  ApacheHttpClient.testConnection(216) - result = true
2020-02-04 01:30:39 INFO  ApacheHttpClient.isSessionAppropriateWithSecretKey(593) - Waiting for server response.
2020-02-04 01:30:40 INFO  ApacheHttpClient.refreshUserInfo(301) - responseCode = 200
2020-02-04 01:30:40 INFO  ApacheHttpClient.refreshUserInfo(307) - User information received.
2020-02-04 01:30:40 INFO  ApacheHttpClient.startGA(35) - GAService started.
2020-02-04 01:30:40 INFO  AbstractRestApiClient.startService(71) - EventsService started.
2020-02-04 01:48:48 INFO  PluginTasksProjectComponent.projectOpened(77) - ---------- Project opened ----------
2020-02-04 01:48:48 INFO  PluginTasksProjectComponent.projectOpened(78) - ---------- Version 3.37 ----------

2020-02-04 01:48:48 INFO  ApacheHttpClient.createAsyncHttpClient(143) - 1 proxies selected. Type: DIRECT
2020-02-04 01:48:48 INFO  ApacheHttpClient.<init>(94) - ApacheHttpClient was successfully instantiated.
2020-02-04 01:48:49 INFO  ApacheHttpClient.testConnection(201) - responseCode = 200
2020-02-04 01:48:49 INFO  ApacheHttpClient.testConnection(216) - result = true
2020-02-04 01:48:49 INFO  ApacheHttpClient.isSessionAppropriateWithSecretKey(593) - Waiting for server response.
2020-02-04 01:48:49 INFO  ApacheHttpClient.refreshUserInfo(301) - responseCode = 200
2020-02-04 01:48:50 INFO  ApacheHttpClient.refreshUserInfo(307) - User information received.
2020-02-04 01:48:50 INFO  ApacheHttpClient.startGA(35) - GAService started.
2020-02-04 01:48:50 INFO  AbstractRestApiClient.startService(71) - EventsService started.
2020-02-04 02:11:21 INFO  PluginTasksProjectComponent.projectClosing(188) - ---------- Project closed ----------

2020-02-21 00:30:13 INFO  PluginTasksProjectComponent.projectOpened(77) - ---------- Project opened ----------
2020-02-21 00:30:13 INFO  PluginTasksProjectComponent.projectOpened(78) - ---------- Version 3.37 ----------

2020-02-21 00:30:13 INFO  ApacheHttpClient.createAsyncHttpClient(143) - 1 proxies selected. Type: DIRECT
2020-02-21 00:30:13 INFO  ApacheHttpClient.<init>(94) - ApacheHttpClient was successfully instantiated.
2020-02-21 00:30:14 INFO  ApacheHttpClient.testConnection(201) - responseCode = 200
2020-02-21 00:30:14 INFO  ApacheHttpClient.testConnection(216) - result = true
2020-02-21 00:30:14 INFO  ApacheHttpClient.isSessionAppropriateWithSecretKey(593) - Waiting for server response.
2020-02-21 00:30:14 INFO  ApacheHttpClient.refreshUserInfo(301) - responseCode = 200
2020-02-21 00:30:14 INFO  ApacheHttpClient.refreshUserInfo(307) - User information received.
2020-02-21 00:30:14 INFO  ApacheHttpClient.startGA(35) - GAService started.
2020-02-21 00:30:14 INFO  AbstractRestApiClient.startService(71) - EventsService started.
2020-02-21 00:30:31 INFO  PluginTasksProjectComponent.projectClosing(188) - ---------- Project closed ----------

2020-03-02 21:47:26 INFO  PluginTasksProjectComponent.projectOpened(77) - ---------- Project opened ----------
2020-03-02 21:47:26 INFO  PluginTasksProjectComponent.projectOpened(78) - ---------- Version 3.37 ----------

2020-03-02 21:47:26 INFO  ApacheHttpClient.createAsyncHttpClient(143) - 1 proxies selected. Type: DIRECT
2020-03-02 21:47:26 INFO  ApacheHttpClient.<init>(94) - ApacheHttpClient was successfully instantiated.
2020-03-02 21:47:27 INFO  ApacheHttpClient.testConnection(201) - responseCode = 200
2020-03-02 21:47:27 INFO  ApacheHttpClient.testConnection(216) - result = true
2020-03-02 21:47:27 INFO  ApacheHttpClient.isSessionAppropriateWithSecretKey(593) - Waiting for server response.
2020-03-02 21:47:27 INFO  ApacheHttpClient.refreshUserInfo(301) - responseCode = 200
2020-03-02 21:47:27 INFO  ApacheHttpClient.refreshUserInfo(307) - User information received.
2020-03-02 21:47:27 INFO  ApacheHttpClient.startGA(35) - GAService started.
2020-03-02 21:47:27 INFO  AbstractRestApiClient.startService(71) - EventsService started.
2020-03-02 21:47:37 INFO  ApacheHttpClient.getWebResourceAsStream(493) - responseCode = 200
2020-03-02 21:47:41 INFO  ApacheHttpClient.getWebResourceAsStream(493) - responseCode = 200
2020-03-02 21:47:44 INFO  PluginTasksProjectComponent.projectClosing(188) - ---------- Project closed ----------

2020-03-02 21:48:06 INFO  PluginTasksProjectComponent.projectOpened(77) - ---------- Project opened ----------
2020-03-02 21:48:06 INFO  PluginTasksProjectComponent.projectOpened(78) - ---------- Version 3.38 ----------

2020-03-02 21:48:06 INFO  ApacheHttpClient.createAsyncHttpClient(143) - 1 proxies selected. Type: DIRECT
2020-03-02 21:48:06 INFO  ApacheHttpClient.<init>(94) - ApacheHttpClient was successfully instantiated.
2020-03-02 21:48:06 INFO  ApacheHttpClient.testConnection(202) - responseCode = 200
2020-03-02 21:48:06 INFO  ApacheHttpClient.testConnection(217) - result = true
2020-03-02 21:48:06 INFO  ApacheHttpClient.isSessionAppropriateWithSecretKey(594) - Waiting for server response.
2020-03-02 21:48:06 INFO  ApacheHttpClient.refreshUserInfo(302) - responseCode = 200
2020-03-02 21:48:07 INFO  ApacheHttpClient.refreshUserInfo(308) - User information received.
2020-03-02 21:48:07 INFO  ApacheHttpClient.startGA(35) - GAService started.
2020-03-02 21:48:07 INFO  AbstractRestApiClient.startService(71) - EventsService started.
2020-03-02 21:48:17 INFO  ApacheHttpClient.getWebResourceAsStream(494) - responseCode = 200
2020-03-02 21:48:17 INFO  ApacheHttpClient.getFilteredTasks(333) - responseCode = 200
2020-03-02 21:48:34 INFO  ApacheHttpClient.getTaskTemplateInfo(350) - responseCode = 200
2020-03-02 21:48:40 INFO  ApacheHttpClient.getWebResourceAsStream(494) - responseCode = 200
2020-03-02 21:49:07 INFO  ApacheHttpClient.sendEvent(527) - responseCode = 200
2020-03-02 21:50:07 INFO  ApacheHttpClient.sendEvent(527) - responseCode = 200
2020-03-02 21:50:10 INFO  ApacheHttpClient.getWebResourceAsStream(494) - responseCode = 200
2020-03-02 21:51:07 INFO  ApacheHttpClient.sendEvent(527) - responseCode = 200
2020-03-02 21:51:31 INFO  ApacheHttpClient.getWebResourceAsStream(494) - responseCode = 200
2020-03-02 21:51:31 INFO  ApacheHttpClient.getWebResourceAsStream(494) - responseCode = 200
2020-03-02 21:51:31 INFO  ApacheHttpClient.getTask(480) - responseCode = 200
2020-03-02 21:51:32 INFO  ApacheHttpClient.completed(28) - responseCode = 200
2020-03-02 21:52:07 INFO  ApacheHttpClient.sendEvent(527) - responseCode = 200
2020-03-02 21:53:07 INFO  ApacheHttpClient.sendEvent(527) - responseCode = 200
2020-03-02 21:54:07 INFO  ApacheHttpClient.sendEvent(527) - responseCode = 200
2020-03-02 21:55:07 INFO  ApacheHttpClient.sendEvent(527) - responseCode = 200
2020-03-02 21:56:07 INFO  ApacheHttpClient.sendEvent(527) - responseCode = 200
2020-03-02 21:57:07 INFO  ApacheHttpClient.sendEvent(527) - responseCode = 200
2020-03-02 21:58:07 INFO  ApacheHttpClient.sendEvent(527) - responseCode = 200
2020-03-02 21:59:07 INFO  ApacheHttpClient.sendEvent(527) - responseCode = 200
2020-03-02 22:00:07 INFO  ApacheHttpClient.sendEvent(527) - responseCode = 200
2020-03-02 22:01:03 INFO  PluginTasksProjectComponent.projectClosing(188) - ---------- Project closed ----------

2020-03-02 22:01:03 INFO  ApacheHttpClient.getTask(480) - responseCode = 200
2020-03-02 22:01:03 INFO  ApacheHttpClient.getTask(480) - responseCode = 200
2020-03-03 00:02:13 INFO  PluginTasksProjectComponent.projectOpened(77) - ---------- Project opened ----------
2020-03-03 00:02:13 INFO  PluginTasksProjectComponent.projectOpened(77) - ---------- Project opened ----------
2020-03-03 00:02:13 INFO  PluginTasksProjectComponent.projectOpened(78) - ---------- Version 3.38 ----------

2020-03-03 00:02:13 INFO  PluginTasksProjectComponent.projectOpened(78) - ---------- Version 3.38 ----------

2020-03-03 00:02:15 INFO  ApacheHttpClient.isSessionAppropriateWithSecretKey(594) - Waiting for server response.
2020-03-03 00:02:15 INFO  ApacheHttpClient.isSessionAppropriateWithSecretKey(594) - Waiting for server response.
2020-03-03 00:02:16 INFO  ApacheHttpClient.refreshUserInfo(302) - responseCode = 200
2020-03-03 00:02:16 INFO  ApacheHttpClient.refreshUserInfo(302) - responseCode = 200
2020-03-03 00:02:16 INFO  ApacheHttpClient.refreshUserInfo(308) - User information received.
2020-03-03 00:02:16 INFO  ApacheHttpClient.refreshUserInfo(308) - User information received.
2020-03-03 00:02:16 INFO  ApacheHttpClient.startGA(35) - GAService started.
2020-03-03 00:02:16 INFO  ApacheHttpClient.startGA(35) - GAService started.
2020-03-03 00:02:16 INFO  AbstractRestApiClient.startService(71) - EventsService started.
2020-03-03 00:02:16 INFO  AbstractRestApiClient.startService(71) - EventsService started.
2020-03-03 00:02:16 INFO  ApacheHttpClient.getWebResourceAsStream(494) - responseCode = 200
2020-03-03 00:02:16 INFO  ApacheHttpClient.getWebResourceAsStream(494) - responseCode = 200
2020-03-03 00:03:16 INFO  ApacheHttpClient.sendEvent(527) - responseCode = 200
2020-03-03 00:03:16 INFO  ApacheHttpClient.sendEvent(527) - responseCode = 200
2020-03-03 00:03:16 INFO  ApacheHttpClient.sendEvent(527) - responseCode = 200
2020-03-03 00:03:16 INFO  ApacheHttpClient.sendEvent(527) - responseCode = 200
2020-03-03 00:04:16 INFO  ApacheHttpClient.sendEvent(527) - responseCode = 200
2020-03-03 00:04:16 INFO  ApacheHttpClient.sendEvent(527) - responseCode = 200
2020-03-03 00:04:16 INFO  ApacheHttpClient.sendEvent(527) - responseCode = 200
2020-03-03 00:04:16 INFO  ApacheHttpClient.sendEvent(527) - responseCode = 200
2020-03-03 00:05:16 INFO  ApacheHttpClient.sendEvent(527) - responseCode = 200
2020-03-03 00:05:16 INFO  ApacheHttpClient.sendEvent(527) - responseCode = 200
2020-03-03 00:05:16 INFO  ApacheHttpClient.sendEvent(527) - responseCode = 200
2020-03-03 00:05:16 INFO  ApacheHttpClient.sendEvent(527) - responseCode = 200
2020-03-03 00:06:16 INFO  ApacheHttpClient.sendEvent(527) - responseCode = 200
2020-03-03 00:06:16 INFO  ApacheHttpClient.sendEvent(527) - responseCode = 200
2020-03-03 00:06:16 INFO  ApacheHttpClient.sendEvent(527) - responseCode = 200
2020-03-03 00:06:16 INFO  ApacheHttpClient.sendEvent(527) - responseCode = 200
2020-03-03 00:07:16 INFO  ApacheHttpClient.sendEvent(527) - responseCode = 200
2020-03-03 00:07:16 INFO  ApacheHttpClient.sendEvent(527) - responseCode = 200
2020-03-03 00:07:16 INFO  ApacheHttpClient.sendEvent(527) - responseCode = 200
2020-03-03 00:07:16 INFO  ApacheHttpClient.sendEvent(527) - responseCode = 200
2020-03-03 00:07:51 INFO  ApacheHttpClient.getWebResourceAsStream(494) - responseCode = 200
2020-03-03 00:07:51 INFO  ApacheHttpClient.getWebResourceAsStream(494) - responseCode = 200
2020-03-03 00:07:51 INFO  ApacheHttpClient.getWebResourceAsStream(494) - responseCode = 200
2020-03-03 00:07:51 INFO  ApacheHttpClient.getWebResourceAsStream(494) - responseCode = 200
2020-03-03 00:07:51 INFO  ApacheHttpClient.getTask(480) - responseCode = 200
2020-03-03 00:07:51 INFO  ApacheHttpClient.getTask(480) - responseCode = 200
2020-03-03 00:07:54 INFO  ApacheHttpClient.completed(28) - responseCode = 200
2020-03-03 00:07:54 INFO  ApacheHttpClient.completed(28) - responseCode = 200
2020-03-03 00:08:16 INFO  ApacheHttpClient.sendEvent(527) - responseCode = 200
2020-03-03 00:08:16 INFO  ApacheHttpClient.sendEvent(527) - responseCode = 200
2020-03-03 00:08:16 INFO  ApacheHttpClient.sendEvent(527) - responseCode = 200
2020-03-03 00:08:16 INFO  ApacheHttpClient.sendEvent(527) - responseCode = 200
2020-03-03 00:09:00 INFO  ApacheHttpClient.getWebResourceAsStream(494) - responseCode = 200
2020-03-03 00:09:00 INFO  ApacheHttpClient.getWebResourceAsStream(494) - responseCode = 200
2020-03-03 00:09:00 INFO  ApacheHttpClient.getWebResourceAsStream(494) - responseCode = 200
2020-03-03 00:09:00 INFO  ApacheHttpClient.getWebResourceAsStream(494) - responseCode = 200
2020-03-03 00:09:00 INFO  ApacheHttpClient.getTask(480) - responseCode = 200
2020-03-03 00:09:00 INFO  ApacheHttpClient.getTask(480) - responseCode = 200
2020-03-03 00:09:02 INFO  ApacheHttpClient.completed(28) - responseCode = 200
2020-03-03 00:09:02 INFO  ApacheHttpClient.completed(28) - responseCode = 200
2020-03-03 00:09:16 INFO  ApacheHttpClient.sendEvent(527) - responseCode = 200
2020-03-03 00:09:16 INFO  ApacheHttpClient.sendEvent(527) - responseCode = 200
2020-03-03 00:10:16 INFO  ApacheHttpClient.sendEvent(527) - responseCode = 200
2020-03-03 00:10:16 INFO  ApacheHttpClient.sendEvent(527) - responseCode = 200
2020-03-03 00:10:16 INFO  ApacheHttpClient.sendEvent(527) - responseCode = 200
2020-03-03 00:10:16 INFO  ApacheHttpClient.sendEvent(527) - responseCode = 200
2020-03-03 00:11:07 INFO  ApacheHttpClient.getWebResourceAsStream(494) - responseCode = 200
2020-03-03 00:11:07 INFO  ApacheHttpClient.getWebResourceAsStream(494) - responseCode = 200
2020-03-03 00:11:07 INFO  ApacheHttpClient.getWebResourceAsStream(494) - responseCode = 200
2020-03-03 00:11:07 INFO  ApacheHttpClient.getWebResourceAsStream(494) - responseCode = 200
2020-03-03 00:11:07 INFO  ApacheHttpClient.getTask(480) - responseCode = 200
2020-03-03 00:11:07 INFO  ApacheHttpClient.getTask(480) - responseCode = 200
2020-03-03 00:11:08 INFO  ApacheHttpClient.completed(28) - responseCode = 200
2020-03-03 00:11:08 INFO  ApacheHttpClient.completed(28) - responseCode = 200
2020-03-03 00:11:16 INFO  ApacheHttpClient.sendEvent(527) - responseCode = 200
2020-03-03 00:11:16 INFO  ApacheHttpClient.sendEvent(527) - responseCode = 200
2020-03-03 00:11:16 INFO  ApacheHttpClient.sendEvent(527) - responseCode = 200
2020-03-03 00:11:16 INFO  ApacheHttpClient.sendEvent(527) - responseCode = 200
2020-03-03 00:11:35 INFO  ApacheHttpClient.getWebResourceAsStream(494) - responseCode = 200
2020-03-03 00:11:35 INFO  ApacheHttpClient.getWebResourceAsStream(494) - responseCode = 200
2020-03-03 00:11:36 INFO  ApacheHttpClient.resetTask(321) - responseCode = 200
2020-03-03 00:11:36 INFO  ApacheHttpClient.resetTask(321) - responseCode = 200
2020-03-03 00:11:36 INFO  ApacheHttpClient.getTask(480) - responseCode = 200
2020-03-03 00:11:36 INFO  ApacheHttpClient.getTask(480) - responseCode = 200
2020-03-03 00:11:36 INFO  ApacheHttpClient.getTaskTemplateInfo(350) - responseCode = 200
2020-03-03 00:11:36 INFO  ApacheHttpClient.getTaskTemplateInfo(350) - responseCode = 200
2020-03-03 00:11:37 INFO  ApacheHttpClient.getWebResourceAsStream(494) - responseCode = 200
2020-03-03 00:11:37 INFO  ApacheHttpClient.getWebResourceAsStream(494) - responseCode = 200
2020-03-03 00:12:16 INFO  ApacheHttpClient.sendEvent(527) - responseCode = 200
2020-03-03 00:12:16 INFO  ApacheHttpClient.sendEvent(527) - responseCode = 200
2020-03-03 00:13:16 INFO  ApacheHttpClient.sendEvent(527) - responseCode = 200
2020-03-03 00:13:16 INFO  ApacheHttpClient.sendEvent(527) - responseCode = 200
2020-03-03 00:14:16 INFO  ApacheHttpClient.sendEvent(527) - responseCode = 200
2020-03-03 00:14:16 INFO  ApacheHttpClient.sendEvent(527) - responseCode = 200
2020-03-03 00:15:16 INFO  ApacheHttpClient.sendEvent(527) - responseCode = 200
2020-03-03 00:15:16 INFO  ApacheHttpClient.sendEvent(527) - responseCode = 200
2020-03-03 00:16:16 INFO  ApacheHttpClient.sendEvent(527) - responseCode = 200
2020-03-03 00:16:16 INFO  ApacheHttpClient.sendEvent(527) - responseCode = 200
2020-03-03 00:17:16 INFO  ApacheHttpClient.sendEvent(527) - responseCode = 200
2020-03-03 00:17:16 INFO  ApacheHttpClient.sendEvent(527) - responseCode = 200
2020-03-03 00:17:28 INFO  ApacheHttpClient.getWebResourceAsStream(494) - responseCode = 200
2020-03-03 00:17:28 INFO  ApacheHttpClient.getWebResourceAsStream(494) - responseCode = 200
2020-03-03 00:17:29 INFO  ApacheHttpClient.getTask(480) - responseCode = 200
2020-03-03 00:17:29 INFO  ApacheHttpClient.getTask(480) - responseCode = 200
2020-03-03 00:17:29 INFO  ApacheHttpClient.getWebResourceAsStream(494) - responseCode = 200
2020-03-03 00:17:29 INFO  ApacheHttpClient.getWebResourceAsStream(494) - responseCode = 200
2020-03-03 00:17:29 INFO  ApacheHttpClient.completed(28) - responseCode = 200
2020-03-03 00:17:29 INFO  ApacheHttpClient.completed(28) - responseCode = 200
2020-03-03 00:18:16 INFO  ApacheHttpClient.sendEvent(527) - responseCode = 200
2020-03-03 00:18:16 INFO  ApacheHttpClient.sendEvent(527) - responseCode = 200
2020-03-03 00:18:49 INFO  ApacheHttpClient.getWebResourceAsStream(494) - responseCode = 200
2020-03-03 00:18:49 INFO  ApacheHttpClient.getWebResourceAsStream(494) - responseCode = 200
2020-03-03 00:18:49 INFO  ApacheHttpClient.getWebResourceAsStream(494) - responseCode = 200
2020-03-03 00:18:49 INFO  ApacheHttpClient.getWebResourceAsStream(494) - responseCode = 200
2020-03-03 00:18:49 INFO  ApacheHttpClient.getTask(480) - responseCode = 200
2020-03-03 00:18:49 INFO  ApacheHttpClient.getTask(480) - responseCode = 200
2020-03-03 00:18:50 INFO  ApacheHttpClient.completed(28) - responseCode = 200
2020-03-03 00:18:50 INFO  ApacheHttpClient.completed(28) - responseCode = 200
2020-03-03 00:19:16 INFO  ApacheHttpClient.sendEvent(527) - responseCode = 200
2020-03-03 00:19:16 INFO  ApacheHttpClient.sendEvent(527) - responseCode = 200
2020-03-03 00:19:16 INFO  ApacheHttpClient.getWebResourceAsStream(494) - responseCode = 200
2020-03-03 00:19:16 INFO  ApacheHttpClient.getWebResourceAsStream(494) - responseCode = 200
2020-03-03 00:19:16 INFO  ApacheHttpClient.getWebResourceAsStream(494) - responseCode = 200
2020-03-03 00:19:16 INFO  ApacheHttpClient.getWebResourceAsStream(494) - responseCode = 200
2020-03-03 00:19:16 INFO  ApacheHttpClient.getTask(480) - responseCode = 200
2020-03-03 00:19:16 INFO  ApacheHttpClient.getTask(480) - responseCode = 200
2020-03-03 00:19:17 INFO  ApacheHttpClient.completed(28) - responseCode = 200
2020-03-03 00:19:17 INFO  ApacheHttpClient.completed(28) - responseCode = 200
2020-03-03 00:20:16 INFO  ApacheHttpClient.sendEvent(527) - responseCode = 200
2020-03-03 00:20:16 INFO  ApacheHttpClient.sendEvent(527) - responseCode = 200
2020-03-03 00:21:16 INFO  ApacheHttpClient.sendEvent(527) - responseCode = 200
2020-03-03 00:21:16 INFO  ApacheHttpClient.sendEvent(527) - responseCode = 200
2020-03-03 00:22:16 INFO  ApacheHttpClient.sendEvent(527) - responseCode = 200
2020-03-03 00:22:16 INFO  ApacheHttpClient.sendEvent(527) - responseCode = 200
2020-03-03 00:22:43 INFO  ApacheHttpClient.getWebResourceAsStream(494) - responseCode = 200
2020-03-03 00:22:43 INFO  ApacheHttpClient.getWebResourceAsStream(494) - responseCode = 200
2020-03-03 00:22:43 INFO  ApacheHttpClient.getWebResourceAsStream(494) - responseCode = 200
2020-03-03 00:22:43 INFO  ApacheHttpClient.getWebResourceAsStream(494) - responseCode = 200
2020-03-03 00:22:43 INFO  ApacheHttpClient.getTask(480) - responseCode = 200
2020-03-03 00:22:43 INFO  ApacheHttpClient.getTask(480) - responseCode = 200
2020-03-03 00:22:44 INFO  ApacheHttpClient.completed(28) - responseCode = 200
2020-03-03 00:22:44 INFO  ApacheHttpClient.completed(28) - responseCode = 200
2020-03-03 00:22:44 INFO  ApacheHttpClient.getTask(480) - responseCode = 200
2020-03-03 00:22:44 INFO  ApacheHttpClient.getTask(480) - responseCode = 200
2020-03-03 00:22:54 INFO  ApacheHttpClient.getWebResourceAsStream(494) - responseCode = 200
2020-03-03 00:22:54 INFO  ApacheHttpClient.getWebResourceAsStream(494) - responseCode = 200
2020-03-03 00:22:55 INFO  ApacheHttpClient.getFilteredTasks(333) - responseCode = 200
2020-03-03 00:22:55 INFO  ApacheHttpClient.getFilteredTasks(333) - responseCode = 200
2020-03-03 00:23:16 INFO  ApacheHttpClient.sendEvent(527) - responseCode = 200
2020-03-03 00:23:16 INFO  ApacheHttpClient.sendEvent(527) - responseCode = 200
2020-03-03 00:24:16 INFO  ApacheHttpClient.sendEvent(527) - responseCode = 200
2020-03-03 00:24:16 INFO  ApacheHttpClient.sendEvent(527) - responseCode = 200
2020-03-03 00:25:16 INFO  ApacheHttpClient.sendEvent(527) - responseCode = 200
2020-03-03 00:25:16 INFO  ApacheHttpClient.sendEvent(527) - responseCode = 200
2020-03-03 00:26:16 INFO  ApacheHttpClient.sendEvent(527) - responseCode = 200
2020-03-03 00:26:16 INFO  ApacheHttpClient.sendEvent(527) - responseCode = 200
2020-03-03 00:27:16 INFO  ApacheHttpClient.sendEvent(527) - responseCode = 200
2020-03-03 00:27:16 INFO  ApacheHttpClient.sendEvent(527) - responseCode = 200
2020-03-03 00:28:16 INFO  ApacheHttpClient.sendEvent(527) - responseCode = 200
2020-03-03 00:28:16 INFO  ApacheHttpClient.sendEvent(527) - responseCode = 200
2020-03-03 00:29:16 INFO  ApacheHttpClient.sendEvent(527) - responseCode = 200
2020-03-03 00:29:16 INFO  ApacheHttpClient.sendEvent(527) - responseCode = 200
2020-03-03 00:30:16 INFO  ApacheHttpClient.sendEvent(527) - responseCode = 200
2020-03-03 00:30:16 INFO  ApacheHttpClient.sendEvent(527) - responseCode = 200
2020-03-03 00:31:16 INFO  ApacheHttpClient.sendEvent(527) - responseCode = 200
2020-03-03 00:31:16 INFO  ApacheHttpClient.sendEvent(527) - responseCode = 200
2020-03-03 00:32:16 INFO  ApacheHttpClient.sendEvent(527) - responseCode = 200
2020-03-03 00:32:16 INFO  ApacheHttpClient.sendEvent(527) - responseCode = 200
2020-03-03 00:33:16 INFO  ApacheHttpClient.sendEvent(527) - responseCode = 200
2020-03-03 00:33:16 INFO  ApacheHttpClient.sendEvent(527) - responseCode = 200
2020-03-03 00:34:16 INFO  ApacheHttpClient.sendEvent(527) - responseCode = 200
2020-03-03 00:34:16 INFO  ApacheHttpClient.sendEvent(527) - responseCode = 200
2020-03-03 00:35:16 INFO  ApacheHttpClient.sendEvent(527) - responseCode = 200
2020-03-03 00:35:16 INFO  ApacheHttpClient.sendEvent(527) - responseCode = 200
2020-03-03 00:36:16 INFO  ApacheHttpClient.sendEvent(527) - responseCode = 200
2020-03-03 00:36:16 INFO  ApacheHttpClient.sendEvent(527) - responseCode = 200
2020-03-03 00:37:03 INFO  ApacheHttpClient.getWebResourceAsStream(494) - responseCode = 200
2020-03-03 00:37:03 INFO  ApacheHttpClient.getWebResourceAsStream(494) - responseCode = 200
2020-03-03 00:37:03 INFO  ApacheHttpClient.getFilteredTasks(333) - responseCode = 200
2020-03-03 00:37:03 INFO  ApacheHttpClient.getFilteredTasks(333) - responseCode = 200
2020-03-03 00:37:16 INFO  ApacheHttpClient.sendEvent(527) - responseCode = 200
2020-03-03 00:37:16 INFO  ApacheHttpClient.sendEvent(527) - responseCode = 200
2020-03-03 00:37:16 INFO  ApacheHttpClient.sendEvent(527) - responseCode = 200
2020-03-03 00:37:16 INFO  ApacheHttpClient.sendEvent(527) - responseCode = 200
2020-03-03 00:37:16 INFO  ApacheHttpClient.sendEvent(527) - responseCode = 200
2020-03-03 00:37:16 INFO  ApacheHttpClient.sendEvent(527) - responseCode = 200
2020-03-03 00:38:16 INFO  ApacheHttpClient.sendEvent(527) - responseCode = 200
2020-03-03 00:38:16 INFO  ApacheHttpClient.sendEvent(527) - responseCode = 200
2020-03-03 00:38:16 INFO  ApacheHttpClient.sendEvent(527) - responseCode = 200
2020-03-03 00:38:16 INFO  ApacheHttpClient.sendEvent(527) - responseCode = 200
2020-03-03 00:38:16 INFO  ApacheHttpClient.sendEvent(527) - responseCode = 200
2020-03-03 00:38:16 INFO  ApacheHttpClient.sendEvent(527) - responseCode = 200
2020-03-03 00:38:18 INFO  PluginTasksProjectComponent.projectClosing(188) - ---------- Project closed ----------

2020-03-03 00:38:18 INFO  PluginTasksProjectComponent.projectClosing(188) - ---------- Project closed ----------

2020-03-03 00:38:18 INFO  ApacheHttpClient.getTask(480) - responseCode = 200
2020-03-03 00:38:18 INFO  ApacheHttpClient.getTask(480) - responseCode = 200
2020-03-03 00:38:18 INFO  ApacheHttpClient.getTask(480) - responseCode = 200
2020-03-03 00:38:18 INFO  ApacheHttpClient.getTask(480) - responseCode = 200
2020-03-03 00:38:18 INFO  ApacheHttpClient.getTask(480) - responseCode = 200
2020-03-03 00:38:18 INFO  ApacheHttpClient.getTask(480) - responseCode = 200
2020-03-03 00:38:18 INFO  ApacheHttpClient.getTask(480) - responseCode = 200
2020-03-03 00:38:18 INFO  ApacheHttpClient.getTask(480) - responseCode = 200
2020-03-03 01:54:00 INFO  PluginTasksProjectComponent.projectOpened(77) - ---------- Project opened ----------
2020-03-03 01:54:00 INFO  PluginTasksProjectComponent.projectOpened(77) - ---------- Project opened ----------
2020-03-03 01:54:00 INFO  PluginTasksProjectComponent.projectOpened(77) - ---------- Project opened ----------
2020-03-03 01:54:00 INFO  PluginTasksProjectComponent.projectOpened(78) - ---------- Version 3.38 ----------

2020-03-03 01:54:00 INFO  PluginTasksProjectComponent.projectOpened(78) - ---------- Version 3.38 ----------

2020-03-03 01:54:00 INFO  PluginTasksProjectComponent.projectOpened(78) - ---------- Version 3.38 ----------

2020-03-03 01:54:02 INFO  ApacheHttpClient.isSessionAppropriateWithSecretKey(594) - Waiting for server response.
2020-03-03 01:54:02 INFO  ApacheHttpClient.isSessionAppropriateWithSecretKey(594) - Waiting for server response.
2020-03-03 01:54:02 INFO  ApacheHttpClient.isSessionAppropriateWithSecretKey(594) - Waiting for server response.
2020-03-03 01:54:02 INFO  ApacheHttpClient.refreshUserInfo(302) - responseCode = 200
2020-03-03 01:54:02 INFO  ApacheHttpClient.refreshUserInfo(302) - responseCode = 200
2020-03-03 01:54:02 INFO  ApacheHttpClient.refreshUserInfo(302) - responseCode = 200
2020-03-03 01:54:02 INFO  ApacheHttpClient.refreshUserInfo(308) - User information received.
2020-03-03 01:54:02 INFO  ApacheHttpClient.refreshUserInfo(308) - User information received.
2020-03-03 01:54:02 INFO  ApacheHttpClient.refreshUserInfo(308) - User information received.
2020-03-03 01:54:02 INFO  ApacheHttpClient.startGA(35) - GAService started.
2020-03-03 01:54:02 INFO  ApacheHttpClient.startGA(35) - GAService started.
2020-03-03 01:54:02 INFO  ApacheHttpClient.startGA(35) - GAService started.
2020-03-03 01:54:02 INFO  AbstractRestApiClient.startService(71) - EventsService started.
2020-03-03 01:54:02 INFO  AbstractRestApiClient.startService(71) - EventsService started.
2020-03-03 01:54:02 INFO  AbstractRestApiClient.startService(71) - EventsService started.
2020-03-03 01:54:07 INFO  ApacheHttpClient.getWebResourceAsStream(494) - responseCode = 200
2020-03-03 01:54:07 INFO  ApacheHttpClient.getWebResourceAsStream(494) - responseCode = 200
2020-03-03 01:54:07 INFO  ApacheHttpClient.getWebResourceAsStream(494) - responseCode = 200
2020-03-03 01:54:08 INFO  ApacheHttpClient.getFilteredTasks(333) - responseCode = 200
2020-03-03 01:54:08 INFO  ApacheHttpClient.getFilteredTasks(333) - responseCode = 200
2020-03-03 01:54:08 INFO  ApacheHttpClient.getFilteredTasks(333) - responseCode = 200
2020-03-03 01:54:19 INFO  ApacheHttpClient.getFilteredTasks(333) - responseCode = 200
2020-03-03 01:54:19 INFO  ApacheHttpClient.getFilteredTasks(333) - responseCode = 200
2020-03-03 01:54:19 INFO  ApacheHttpClient.getFilteredTasks(333) - responseCode = 200
2020-03-03 01:54:23 INFO  ApacheHttpClient.getFilteredTasks(333) - responseCode = 200
2020-03-03 01:54:23 INFO  ApacheHttpClient.getFilteredTasks(333) - responseCode = 200
2020-03-03 01:54:23 INFO  ApacheHttpClient.getFilteredTasks(333) - responseCode = 200
2020-03-03 01:54:29 INFO  ApacheHttpClient.getTaskTemplateInfo(350) - responseCode = 200
2020-03-03 01:54:29 INFO  ApacheHttpClient.getTaskTemplateInfo(350) - responseCode = 200
2020-03-03 01:54:29 INFO  ApacheHttpClient.getTaskTemplateInfo(350) - responseCode = 200
2020-03-03 01:54:29 INFO  ApacheHttpClient.getWebResourceAsStream(494) - responseCode = 200
2020-03-03 01:54:29 INFO  ApacheHttpClient.getWebResourceAsStream(494) - responseCode = 200
2020-03-03 01:54:29 INFO  ApacheHttpClient.getWebResourceAsStream(494) - responseCode = 200
2020-03-03 01:54:39 INFO  ApacheHttpClient.getWebResourceAsStream(494) - responseCode = 200
2020-03-03 01:54:39 INFO  ApacheHttpClient.getWebResourceAsStream(494) - responseCode = 200
2020-03-03 01:54:39 INFO  ApacheHttpClient.getWebResourceAsStream(494) - responseCode = 200
2020-03-03 01:54:39 INFO  ApacheHttpClient.getFilteredTasks(333) - responseCode = 200
2020-03-03 01:54:39 INFO  ApacheHttpClient.getFilteredTasks(333) - responseCode = 200
2020-03-03 01:54:39 INFO  ApacheHttpClient.getFilteredTasks(333) - responseCode = 200
2020-03-03 01:54:42 INFO  ApacheHttpClient.getFilteredTasks(333) - responseCode = 200
2020-03-03 01:54:42 INFO  ApacheHttpClient.getFilteredTasks(333) - responseCode = 200
2020-03-03 01:54:42 INFO  ApacheHttpClient.getFilteredTasks(333) - responseCode = 200
2020-03-03 01:54:45 INFO  ApacheHttpClient.getWebResourceAsStream(494) - responseCode = 200
2020-03-03 01:54:45 INFO  ApacheHttpClient.getWebResourceAsStream(494) - responseCode = 200
2020-03-03 01:54:45 INFO  ApacheHttpClient.getWebResourceAsStream(494) - responseCode = 200
2020-03-03 01:54:45 INFO  ApacheHttpClient.getWebResourceAsStream(494) - responseCode = 200
2020-03-03 01:54:45 INFO  ApacheHttpClient.getWebResourceAsStream(494) - responseCode = 200
2020-03-03 01:54:45 INFO  ApacheHttpClient.getWebResourceAsStream(494) - responseCode = 200
2020-03-03 01:54:45 INFO  ApacheHttpClient.getTaskTemplateInfo(350) - responseCode = 200
2020-03-03 01:54:45 INFO  ApacheHttpClient.getTaskTemplateInfo(350) - responseCode = 200
2020-03-03 01:54:45 INFO  ApacheHttpClient.getTaskTemplateInfo(350) - responseCode = 200
2020-03-03 01:54:45 INFO  ApacheHttpClient.getWebResourceAsStream(494) - responseCode = 200
2020-03-03 01:54:45 INFO  ApacheHttpClient.getWebResourceAsStream(494) - responseCode = 200
2020-03-03 01:54:45 INFO  ApacheHttpClient.getWebResourceAsStream(494) - responseCode = 200
2020-03-03 01:55:02 INFO  ApacheHttpClient.sendEvent(527) - responseCode = 200
2020-03-03 01:55:02 INFO  ApacheHttpClient.sendEvent(527) - responseCode = 200
2020-03-03 01:55:02 INFO  ApacheHttpClient.sendEvent(527) - responseCode = 200
2020-03-03 01:56:02 INFO  ApacheHttpClient.sendEvent(527) - responseCode = 200
2020-03-03 01:56:02 INFO  ApacheHttpClient.sendEvent(527) - responseCode = 200
2020-03-03 01:56:02 INFO  ApacheHttpClient.sendEvent(527) - responseCode = 200
2020-03-03 01:57:02 INFO  ApacheHttpClient.sendEvent(527) - responseCode = 200
2020-03-03 01:57:02 INFO  ApacheHttpClient.sendEvent(527) - responseCode = 200
2020-03-03 01:57:02 INFO  ApacheHttpClient.sendEvent(527) - responseCode = 200
2020-03-03 01:58:02 INFO  ApacheHttpClient.sendEvent(527) - responseCode = 200
2020-03-03 01:58:02 INFO  ApacheHttpClient.sendEvent(527) - responseCode = 200
2020-03-03 01:58:02 INFO  ApacheHttpClient.sendEvent(527) - responseCode = 200
2020-03-03 01:59:02 INFO  ApacheHttpClient.sendEvent(527) - responseCode = 200
2020-03-03 01:59:02 INFO  ApacheHttpClient.sendEvent(527) - responseCode = 200
2020-03-03 01:59:02 INFO  ApacheHttpClient.sendEvent(527) - responseCode = 200
2020-03-03 02:00:02 INFO  ApacheHttpClient.sendEvent(527) - responseCode = 200
2020-03-03 02:00:02 INFO  ApacheHttpClient.sendEvent(527) - responseCode = 200
2020-03-03 02:00:02 INFO  ApacheHttpClient.sendEvent(527) - responseCode = 200
2020-03-03 02:01:02 INFO  ApacheHttpClient.sendEvent(527) - responseCode = 200
2020-03-03 02:01:02 INFO  ApacheHttpClient.sendEvent(527) - responseCode = 200
2020-03-03 02:01:02 INFO  ApacheHttpClient.sendEvent(527) - responseCode = 200
2020-03-03 02:02:02 INFO  ApacheHttpClient.sendEvent(527) - responseCode = 200
2020-03-03 02:02:02 INFO  ApacheHttpClient.sendEvent(527) - responseCode = 200
2020-03-03 02:02:02 INFO  ApacheHttpClient.sendEvent(527) - responseCode = 200
2020-03-03 02:03:02 INFO  ApacheHttpClient.sendEvent(527) - responseCode = 200
2020-03-03 02:03:02 INFO  ApacheHttpClient.sendEvent(527) - responseCode = 200
2020-03-03 02:03:02 INFO  ApacheHttpClient.sendEvent(527) - responseCode = 200
2020-03-03 02:04:02 INFO  ApacheHttpClient.sendEvent(527) - responseCode = 200
2020-03-03 02:04:02 INFO  ApacheHttpClient.sendEvent(527) - responseCode = 200
2020-03-03 02:04:02 INFO  ApacheHttpClient.sendEvent(527) - responseCode = 200
2020-03-03 02:05:02 INFO  ApacheHttpClient.sendEvent(527) - responseCode = 200
2020-03-03 02:05:02 INFO  ApacheHttpClient.sendEvent(527) - responseCode = 200
2020-03-03 02:05:02 INFO  ApacheHttpClient.sendEvent(527) - responseCode = 200
2020-03-03 02:06:02 INFO  ApacheHttpClient.sendEvent(527) - responseCode = 200
2020-03-03 02:06:02 INFO  ApacheHttpClient.sendEvent(527) - responseCode = 200
2020-03-03 02:06:02 INFO  ApacheHttpClient.sendEvent(527) - responseCode = 200
2020-03-03 02:07:02 INFO  ApacheHttpClient.sendEvent(527) - responseCode = 200
2020-03-03 02:07:02 INFO  ApacheHttpClient.sendEvent(527) - responseCode = 200
2020-03-03 02:07:02 INFO  ApacheHttpClient.sendEvent(527) - responseCode = 200
2020-03-03 02:08:02 INFO  ApacheHttpClient.sendEvent(527) - responseCode = 200
2020-03-03 02:08:02 INFO  ApacheHttpClient.sendEvent(527) - responseCode = 200
2020-03-03 02:08:02 INFO  ApacheHttpClient.sendEvent(527) - responseCode = 200
2020-03-03 02:09:02 INFO  ApacheHttpClient.sendEvent(527) - responseCode = 200
2020-03-03 02:09:02 INFO  ApacheHttpClient.sendEvent(527) - responseCode = 200
2020-03-03 02:09:02 INFO  ApacheHttpClient.sendEvent(527) - responseCode = 200
2020-03-03 02:10:02 INFO  ApacheHttpClient.sendEvent(527) - responseCode = 200
2020-03-03 02:10:02 INFO  ApacheHttpClient.sendEvent(527) - responseCode = 200
2020-03-03 02:10:02 INFO  ApacheHttpClient.sendEvent(527) - responseCode = 200
2020-03-03 02:10:42 INFO  ApacheHttpClient.getWebResourceAsStream(494) - responseCode = 200
2020-03-03 02:10:42 INFO  ApacheHttpClient.getWebResourceAsStream(494) - responseCode = 200
2020-03-03 02:10:42 INFO  ApacheHttpClient.getWebResourceAsStream(494) - responseCode = 200
2020-03-03 02:10:42 INFO  ApacheHttpClient.getWebResourceAsStream(494) - responseCode = 200
2020-03-03 02:10:42 INFO  ApacheHttpClient.getWebResourceAsStream(494) - responseCode = 200
2020-03-03 02:10:42 INFO  ApacheHttpClient.getWebResourceAsStream(494) - responseCode = 200
2020-03-03 02:10:42 INFO  ApacheHttpClient.getTask(480) - responseCode = 200
2020-03-03 02:10:42 INFO  ApacheHttpClient.getTask(480) - responseCode = 200
2020-03-03 02:10:42 INFO  ApacheHttpClient.getTask(480) - responseCode = 200
2020-03-03 02:10:43 INFO  ApacheHttpClient.completed(28) - responseCode = 200
2020-03-03 02:10:43 INFO  ApacheHttpClient.completed(28) - responseCode = 200
2020-03-03 02:10:43 INFO  ApacheHttpClient.completed(28) - responseCode = 200
2020-03-03 02:10:56 INFO  ApacheHttpClient.getWebResourceAsStream(494) - responseCode = 200
2020-03-03 02:10:56 INFO  ApacheHttpClient.getWebResourceAsStream(494) - responseCode = 200
2020-03-03 02:10:56 INFO  ApacheHttpClient.getWebResourceAsStream(494) - responseCode = 200
2020-03-03 02:10:56 INFO  ApacheHttpClient.getWebResourceAsStream(494) - responseCode = 200
2020-03-03 02:10:56 INFO  ApacheHttpClient.getWebResourceAsStream(494) - responseCode = 200
2020-03-03 02:10:56 INFO  ApacheHttpClient.getWebResourceAsStream(494) - responseCode = 200
2020-03-03 02:10:56 INFO  ApacheHttpClient.getTask(480) - responseCode = 200
2020-03-03 02:10:56 INFO  ApacheHttpClient.getTask(480) - responseCode = 200
2020-03-03 02:10:56 INFO  ApacheHttpClient.getTask(480) - responseCode = 200
2020-03-03 02:10:57 INFO  ApacheHttpClient.completed(28) - responseCode = 200
2020-03-03 02:10:57 INFO  ApacheHttpClient.completed(28) - responseCode = 200
2020-03-03 02:10:57 INFO  ApacheHttpClient.completed(28) - responseCode = 200
2020-03-03 02:10:57 INFO  ApacheHttpClient.getTask(480) - responseCode = 200
2020-03-03 02:10:57 INFO  ApacheHttpClient.getTask(480) - responseCode = 200
2020-03-03 02:10:57 INFO  ApacheHttpClient.getTask(480) - responseCode = 200
2020-03-03 02:11:02 INFO  ApacheHttpClient.sendEvent(527) - responseCode = 200
2020-03-03 02:11:02 INFO  ApacheHttpClient.sendEvent(527) - responseCode = 200
2020-03-03 02:11:02 INFO  ApacheHttpClient.sendEvent(527) - responseCode = 200
2020-03-03 02:11:02 INFO  ApacheHttpClient.getWebResourceAsStream(494) - responseCode = 200
2020-03-03 02:11:02 INFO  ApacheHttpClient.getWebResourceAsStream(494) - responseCode = 200
2020-03-03 02:11:02 INFO  ApacheHttpClient.getWebResourceAsStream(494) - responseCode = 200
2020-03-03 02:11:02 INFO  ApacheHttpClient.getFilteredTasks(333) - responseCode = 200
2020-03-03 02:11:02 INFO  ApacheHttpClient.getFilteredTasks(333) - responseCode = 200
2020-03-03 02:11:02 INFO  ApacheHttpClient.getFilteredTasks(333) - responseCode = 200
2020-03-03 02:11:04 INFO  ApacheHttpClient.getWebResourceAsStream(494) - responseCode = 200
2020-03-03 02:11:04 INFO  ApacheHttpClient.getWebResourceAsStream(494) - responseCode = 200
2020-03-03 02:11:04 INFO  ApacheHttpClient.getWebResourceAsStream(494) - responseCode = 200
2020-03-03 02:11:04 INFO  ApacheHttpClient.getTaskTemplateInfo(350) - responseCode = 200
2020-03-03 02:11:04 INFO  ApacheHttpClient.getTaskTemplateInfo(350) - responseCode = 200
2020-03-03 02:11:04 INFO  ApacheHttpClient.getTaskTemplateInfo(350) - responseCode = 200
2020-03-03 02:11:05 INFO  ApacheHttpClient.getWebResourceAsStream(494) - responseCode = 200
2020-03-03 02:11:05 INFO  ApacheHttpClient.getWebResourceAsStream(494) - responseCode = 200
2020-03-03 02:11:05 INFO  ApacheHttpClient.getWebResourceAsStream(494) - responseCode = 200
2020-03-03 02:11:49 INFO  ApacheHttpClient.getWebResourceAsStream(494) - responseCode = 200
2020-03-03 02:11:49 INFO  ApacheHttpClient.getWebResourceAsStream(494) - responseCode = 200
2020-03-03 02:11:49 INFO  ApacheHttpClient.getWebResourceAsStream(494) - responseCode = 200
2020-03-03 02:11:49 INFO  ApacheHttpClient.getWebResourceAsStream(494) - responseCode = 200
2020-03-03 02:11:49 INFO  ApacheHttpClient.getWebResourceAsStream(494) - responseCode = 200
2020-03-03 02:11:49 INFO  ApacheHttpClient.getWebResourceAsStream(494) - responseCode = 200
2020-03-03 02:11:49 INFO  ApacheHttpClient.getTask(480) - responseCode = 200
2020-03-03 02:11:49 INFO  ApacheHttpClient.getTask(480) - responseCode = 200
2020-03-03 02:11:49 INFO  ApacheHttpClient.getTask(480) - responseCode = 200
2020-03-03 02:11:50 INFO  ApacheHttpClient.completed(28) - responseCode = 200
2020-03-03 02:11:50 INFO  ApacheHttpClient.completed(28) - responseCode = 200
2020-03-03 02:11:50 INFO  ApacheHttpClient.completed(28) - responseCode = 200
2020-03-03 02:11:56 INFO  ApacheHttpClient.getWebResourceAsStream(494) - responseCode = 200
2020-03-03 02:11:56 INFO  ApacheHttpClient.getWebResourceAsStream(494) - responseCode = 200
2020-03-03 02:11:56 INFO  ApacheHttpClient.getWebResourceAsStream(494) - responseCode = 200
2020-03-03 02:11:56 INFO  ApacheHttpClient.getWebResourceAsStream(494) - responseCode = 200
2020-03-03 02:11:56 INFO  ApacheHttpClient.getWebResourceAsStream(494) - responseCode = 200
2020-03-03 02:11:56 INFO  ApacheHttpClient.getWebResourceAsStream(494) - responseCode = 200
2020-03-03 02:11:56 INFO  ApacheHttpClient.getTask(480) - responseCode = 200
2020-03-03 02:11:56 INFO  ApacheHttpClient.getTask(480) - responseCode = 200
2020-03-03 02:11:56 INFO  ApacheHttpClient.getTask(480) - responseCode = 200
2020-03-03 02:11:57 INFO  ApacheHttpClient.completed(28) - responseCode = 200
2020-03-03 02:11:57 INFO  ApacheHttpClient.completed(28) - responseCode = 200
2020-03-03 02:11:57 INFO  ApacheHttpClient.completed(28) - responseCode = 200
2020-03-03 02:12:02 INFO  ApacheHttpClient.sendEvent(527) - responseCode = 200
2020-03-03 02:12:02 INFO  ApacheHttpClient.sendEvent(527) - responseCode = 200
2020-03-03 02:12:02 INFO  ApacheHttpClient.sendEvent(527) - responseCode = 200
2020-03-03 02:12:22 INFO  ApacheHttpClient.getWebResourceAsStream(494) - responseCode = 200
2020-03-03 02:12:22 INFO  ApacheHttpClient.getWebResourceAsStream(494) - responseCode = 200
2020-03-03 02:12:22 INFO  ApacheHttpClient.getWebResourceAsStream(494) - responseCode = 200
2020-03-03 02:12:22 INFO  ApacheHttpClient.getWebResourceAsStream(494) - responseCode = 200
2020-03-03 02:12:22 INFO  ApacheHttpClient.getWebResourceAsStream(494) - responseCode = 200
2020-03-03 02:12:22 INFO  ApacheHttpClient.getWebResourceAsStream(494) - responseCode = 200
2020-03-03 02:12:22 INFO  ApacheHttpClient.getTask(480) - responseCode = 200
2020-03-03 02:12:22 INFO  ApacheHttpClient.getTask(480) - responseCode = 200
2020-03-03 02:12:22 INFO  ApacheHttpClient.getTask(480) - responseCode = 200
2020-03-03 02:12:22 INFO  ApacheHttpClient.completed(28) - responseCode = 200
2020-03-03 02:12:22 INFO  ApacheHttpClient.completed(28) - responseCode = 200
2020-03-03 02:12:22 INFO  ApacheHttpClient.completed(28) - responseCode = 200
2020-03-03 02:12:39 INFO  ApacheHttpClient.getWebResourceAsStream(494) - responseCode = 200
2020-03-03 02:12:39 INFO  ApacheHttpClient.getWebResourceAsStream(494) - responseCode = 200
2020-03-03 02:12:39 INFO  ApacheHttpClient.getWebResourceAsStream(494) - responseCode = 200
2020-03-03 02:12:39 INFO  ApacheHttpClient.getWebResourceAsStream(494) - responseCode = 200
2020-03-03 02:12:39 INFO  ApacheHttpClient.getWebResourceAsStream(494) - responseCode = 200
2020-03-03 02:12:39 INFO  ApacheHttpClient.getWebResourceAsStream(494) - responseCode = 200
2020-03-03 02:12:39 INFO  ApacheHttpClient.getTask(480) - responseCode = 200
2020-03-03 02:12:39 INFO  ApacheHttpClient.getTask(480) - responseCode = 200
2020-03-03 02:12:39 INFO  ApacheHttpClient.getTask(480) - responseCode = 200
2020-03-03 02:12:40 INFO  ApacheHttpClient.completed(28) - responseCode = 200
2020-03-03 02:12:40 INFO  ApacheHttpClient.completed(28) - responseCode = 200
2020-03-03 02:12:40 INFO  ApacheHttpClient.completed(28) - responseCode = 200
2020-03-03 02:13:02 INFO  ApacheHttpClient.sendEvent(527) - responseCode = 200
2020-03-03 02:13:02 INFO  ApacheHttpClient.sendEvent(527) - responseCode = 200
2020-03-03 02:13:02 INFO  ApacheHttpClient.sendEvent(527) - responseCode = 200
2020-03-03 02:13:05 INFO  ApacheHttpClient.getWebResourceAsStream(494) - responseCode = 200
2020-03-03 02:13:05 INFO  ApacheHttpClient.getWebResourceAsStream(494) - responseCode = 200
2020-03-03 02:13:05 INFO  ApacheHttpClient.getWebResourceAsStream(494) - responseCode = 200
2020-03-03 02:13:05 INFO  ApacheHttpClient.getWebResourceAsStream(494) - responseCode = 200
2020-03-03 02:13:05 INFO  ApacheHttpClient.getWebResourceAsStream(494) - responseCode = 200
2020-03-03 02:13:05 INFO  ApacheHttpClient.getWebResourceAsStream(494) - responseCode = 200
2020-03-03 02:13:05 INFO  ApacheHttpClient.getTask(480) - responseCode = 200
2020-03-03 02:13:05 INFO  ApacheHttpClient.getTask(480) - responseCode = 200
2020-03-03 02:13:05 INFO  ApacheHttpClient.getTask(480) - responseCode = 200
2020-03-03 02:13:06 INFO  ApacheHttpClient.completed(28) - responseCode = 200
2020-03-03 02:13:06 INFO  ApacheHttpClient.completed(28) - responseCode = 200
2020-03-03 02:13:06 INFO  ApacheHttpClient.completed(28) - responseCode = 200
2020-03-03 02:13:29 INFO  ApacheHttpClient.getWebResourceAsStream(494) - responseCode = 200
2020-03-03 02:13:29 INFO  ApacheHttpClient.getWebResourceAsStream(494) - responseCode = 200
2020-03-03 02:13:29 INFO  ApacheHttpClient.getWebResourceAsStream(494) - responseCode = 200
2020-03-03 02:13:29 WARN  PluginUtil.getCurrentTask(70) - Error while retrieving the task key.
2020-03-03 02:13:29 WARN  PluginUtil.getCurrentTask(70) - Error while retrieving the task key.
2020-03-03 02:13:29 WARN  PluginUtil.getCurrentTask(70) - Error while retrieving the task key.
2020-03-03 02:13:29 WARN  PluginUtil.getCurrentDirectory(101) - Error while getting the current directory.
2020-03-03 02:13:29 WARN  PluginUtil.getCurrentDirectory(101) - Error while getting the current directory.
2020-03-03 02:13:29 WARN  PluginUtil.getCurrentDirectory(101) - Error while getting the current directory.
2020-03-03 02:13:29 WARN  PluginUtil.getCurrentDirectory(101) - Error while getting the current directory.
2020-03-03 02:13:29 WARN  PluginUtil.getCurrentDirectory(101) - Error while getting the current directory.
2020-03-03 02:13:29 WARN  PluginUtil.getCurrentDirectory(101) - Error while getting the current directory.
2020-03-03 02:13:29 INFO  ApacheHttpClient.getTask(480) - responseCode = 200
2020-03-03 02:13:29 INFO  ApacheHttpClient.getTask(480) - responseCode = 200
2020-03-03 02:13:29 INFO  ApacheHttpClient.getTask(480) - responseCode = 200
2020-03-03 02:13:29 INFO  ApacheHttpClient.getWebResourceAsStream(494) - responseCode = 200
2020-03-03 02:13:29 INFO  ApacheHttpClient.getWebResourceAsStream(494) - responseCode = 200
2020-03-03 02:13:29 INFO  ApacheHttpClient.getWebResourceAsStream(494) - responseCode = 200
2020-03-03 02:13:30 INFO  ApacheHttpClient.completed(28) - responseCode = 200
2020-03-03 02:13:30 INFO  ApacheHttpClient.completed(28) - responseCode = 200
2020-03-03 02:13:30 INFO  ApacheHttpClient.completed(28) - responseCode = 200
2020-03-03 02:14:02 INFO  ApacheHttpClient.sendEvent(527) - responseCode = 200
2020-03-03 02:14:02 INFO  ApacheHttpClient.sendEvent(527) - responseCode = 200
2020-03-03 02:14:02 INFO  ApacheHttpClient.sendEvent(527) - responseCode = 200
2020-03-03 02:15:01 INFO  ApacheHttpClient.getWebResourceAsStream(494) - responseCode = 200
2020-03-03 02:15:01 INFO  ApacheHttpClient.getWebResourceAsStream(494) - responseCode = 200
2020-03-03 02:15:01 INFO  ApacheHttpClient.getWebResourceAsStream(494) - responseCode = 200
2020-03-03 02:15:01 INFO  ApacheHttpClient.getFilteredTasks(333) - responseCode = 200
2020-03-03 02:15:01 INFO  ApacheHttpClient.getFilteredTasks(333) - responseCode = 200
2020-03-03 02:15:01 INFO  ApacheHttpClient.getFilteredTasks(333) - responseCode = 200
2020-03-03 02:15:02 INFO  ApacheHttpClient.sendEvent(527) - responseCode = 200
2020-03-03 02:15:02 INFO  ApacheHttpClient.sendEvent(527) - responseCode = 200
2020-03-03 02:15:02 INFO  ApacheHttpClient.sendEvent(527) - responseCode = 200
2020-03-03 02:15:06 INFO  ApacheHttpClient.getWebResourceAsStream(494) - responseCode = 200
2020-03-03 02:15:06 INFO  ApacheHttpClient.getWebResourceAsStream(494) - responseCode = 200
2020-03-03 02:15:06 INFO  ApacheHttpClient.getWebResourceAsStream(494) - responseCode = 200
2020-03-03 02:15:06 INFO  ApacheHttpClient.getWebResourceAsStream(494) - responseCode = 200
2020-03-03 02:15:06 INFO  ApacheHttpClient.getWebResourceAsStream(494) - responseCode = 200
2020-03-03 02:15:06 INFO  ApacheHttpClient.getWebResourceAsStream(494) - responseCode = 200
2020-03-03 02:15:06 INFO  ApacheHttpClient.getTask(480) - responseCode = 200
2020-03-03 02:15:06 INFO  ApacheHttpClient.getTask(480) - responseCode = 200
2020-03-03 02:15:06 INFO  ApacheHttpClient.getTask(480) - responseCode = 200
2020-03-03 02:15:07 INFO  ApacheHttpClient.completed(28) - responseCode = 200
2020-03-03 02:15:07 INFO  ApacheHttpClient.completed(28) - responseCode = 200
2020-03-03 02:15:07 INFO  ApacheHttpClient.completed(28) - responseCode = 200
2020-03-03 02:15:07 INFO  ApacheHttpClient.getTask(480) - responseCode = 200
2020-03-03 02:15:07 INFO  ApacheHttpClient.getTask(480) - responseCode = 200
2020-03-03 02:15:07 INFO  ApacheHttpClient.getTask(480) - responseCode = 200
2020-03-03 02:15:14 INFO  ApacheHttpClient.getWebResourceAsStream(494) - responseCode = 200
2020-03-03 02:15:14 INFO  ApacheHttpClient.getWebResourceAsStream(494) - responseCode = 200
2020-03-03 02:15:14 INFO  ApacheHttpClient.getWebResourceAsStream(494) - responseCode = 200
2020-03-03 02:15:15 INFO  ApacheHttpClient.getFilteredTasks(333) - responseCode = 200
2020-03-03 02:15:15 INFO  ApacheHttpClient.getFilteredTasks(333) - responseCode = 200
2020-03-03 02:15:15 INFO  ApacheHttpClient.getFilteredTasks(333) - responseCode = 200
2020-03-03 02:15:22 INFO  ApacheHttpClient.getWebResourceAsStream(494) - responseCode = 200
2020-03-03 02:15:22 INFO  ApacheHttpClient.getWebResourceAsStream(494) - responseCode = 200
2020-03-03 02:15:22 INFO  ApacheHttpClient.getWebResourceAsStream(494) - responseCode = 200
2020-03-03 02:15:22 INFO  ApacheHttpClient.getTaskTemplateInfo(350) - responseCode = 200
2020-03-03 02:15:22 INFO  ApacheHttpClient.getTaskTemplateInfo(350) - responseCode = 200
2020-03-03 02:15:22 INFO  ApacheHttpClient.getTaskTemplateInfo(350) - responseCode = 200
2020-03-03 02:15:23 INFO  ApacheHttpClient.getWebResourceAsStream(494) - responseCode = 200
2020-03-03 02:15:23 INFO  ApacheHttpClient.getWebResourceAsStream(494) - responseCode = 200
2020-03-03 02:15:23 INFO  ApacheHttpClient.getWebResourceAsStream(494) - responseCode = 200
2020-03-03 02:16:02 INFO  ApacheHttpClient.sendEvent(527) - responseCode = 200
2020-03-03 02:16:02 INFO  ApacheHttpClient.sendEvent(527) - responseCode = 200
2020-03-03 02:16:02 INFO  ApacheHttpClient.sendEvent(527) - responseCode = 200
2020-03-03 02:17:02 INFO  ApacheHttpClient.sendEvent(527) - responseCode = 200
2020-03-03 02:17:02 INFO  ApacheHttpClient.sendEvent(527) - responseCode = 200
2020-03-03 02:17:02 INFO  ApacheHttpClient.sendEvent(527) - responseCode = 200
2020-03-03 02:17:29 INFO  ApacheHttpClient.getWebResourceAsStream(494) - responseCode = 200
2020-03-03 02:17:29 INFO  ApacheHttpClient.getWebResourceAsStream(494) - responseCode = 200
2020-03-03 02:17:29 INFO  ApacheHttpClient.getWebResourceAsStream(494) - responseCode = 200
2020-03-03 02:17:29 INFO  ApacheHttpClient.getWebResourceAsStream(494) - responseCode = 200
2020-03-03 02:17:29 INFO  ApacheHttpClient.getWebResourceAsStream(494) - responseCode = 200
2020-03-03 02:17:29 INFO  ApacheHttpClient.getWebResourceAsStream(494) - responseCode = 200
2020-03-03 02:17:29 INFO  ApacheHttpClient.getTask(480) - responseCode = 200
2020-03-03 02:17:29 INFO  ApacheHttpClient.getTask(480) - responseCode = 200
2020-03-03 02:17:29 INFO  ApacheHttpClient.getTask(480) - responseCode = 200
2020-03-03 02:17:30 INFO  ApacheHttpClient.completed(28) - responseCode = 200
2020-03-03 02:17:30 INFO  ApacheHttpClient.completed(28) - responseCode = 200
2020-03-03 02:17:30 INFO  ApacheHttpClient.completed(28) - responseCode = 200
2020-03-03 02:17:30 INFO  ApacheHttpClient.getTask(480) - responseCode = 200
2020-03-03 02:17:30 INFO  ApacheHttpClient.getTask(480) - responseCode = 200
2020-03-03 02:17:30 INFO  ApacheHttpClient.getTask(480) - responseCode = 200
2020-03-03 02:17:34 INFO  ApacheHttpClient.getWebResourceAsStream(494) - responseCode = 200
2020-03-03 02:17:34 INFO  ApacheHttpClient.getWebResourceAsStream(494) - responseCode = 200
2020-03-03 02:17:34 INFO  ApacheHttpClient.getWebResourceAsStream(494) - responseCode = 200
2020-03-03 02:17:34 INFO  ApacheHttpClient.getFilteredTasks(333) - responseCode = 200
2020-03-03 02:17:34 INFO  ApacheHttpClient.getFilteredTasks(333) - responseCode = 200
2020-03-03 02:17:34 INFO  ApacheHttpClient.getFilteredTasks(333) - responseCode = 200
2020-03-03 02:17:36 INFO  ApacheHttpClient.getWebResourceAsStream(494) - responseCode = 200
2020-03-03 02:17:36 INFO  ApacheHttpClient.getWebResourceAsStream(494) - responseCode = 200
2020-03-03 02:17:36 INFO  ApacheHttpClient.getWebResourceAsStream(494) - responseCode = 200
2020-03-03 02:17:36 INFO  ApacheHttpClient.getTaskTemplateInfo(350) - responseCode = 200
2020-03-03 02:17:36 INFO  ApacheHttpClient.getTaskTemplateInfo(350) - responseCode = 200
2020-03-03 02:17:36 INFO  ApacheHttpClient.getTaskTemplateInfo(350) - responseCode = 200
2020-03-03 02:17:36 INFO  ApacheHttpClient.getWebResourceAsStream(494) - responseCode = 200
2020-03-03 02:17:36 INFO  ApacheHttpClient.getWebResourceAsStream(494) - responseCode = 200
2020-03-03 02:17:36 INFO  ApacheHttpClient.getWebResourceAsStream(494) - responseCode = 200
2020-03-03 02:18:02 INFO  ApacheHttpClient.sendEvent(527) - responseCode = 200
2020-03-03 02:18:02 INFO  ApacheHttpClient.sendEvent(527) - responseCode = 200
2020-03-03 02:18:02 INFO  ApacheHttpClient.sendEvent(527) - responseCode = 200
2020-03-03 02:19:02 INFO  ApacheHttpClient.sendEvent(527) - responseCode = 200
2020-03-03 02:19:02 INFO  ApacheHttpClient.sendEvent(527) - responseCode = 200
2020-03-03 02:19:02 INFO  ApacheHttpClient.sendEvent(527) - responseCode = 200
2020-03-03 02:20:02 INFO  ApacheHttpClient.sendEvent(527) - responseCode = 200
2020-03-03 02:20:02 INFO  ApacheHttpClient.sendEvent(527) - responseCode = 200
2020-03-03 02:20:02 INFO  ApacheHttpClient.sendEvent(527) - responseCode = 200
2020-03-03 02:21:02 INFO  ApacheHttpClient.sendEvent(527) - responseCode = 200
2020-03-03 02:21:02 INFO  ApacheHttpClient.sendEvent(527) - responseCode = 200
2020-03-03 02:21:02 INFO  ApacheHttpClient.sendEvent(527) - responseCode = 200
2020-03-03 02:22:02 INFO  ApacheHttpClient.sendEvent(527) - responseCode = 200
2020-03-03 02:22:02 INFO  ApacheHttpClient.sendEvent(527) - responseCode = 200
2020-03-03 02:22:02 INFO  ApacheHttpClient.sendEvent(527) - responseCode = 200
2020-03-03 02:23:02 INFO  ApacheHttpClient.sendEvent(527) - responseCode = 200
2020-03-03 02:23:02 INFO  ApacheHttpClient.sendEvent(527) - responseCode = 200
2020-03-03 02:23:02 INFO  ApacheHttpClient.sendEvent(527) - responseCode = 200
2020-03-03 02:24:02 INFO  ApacheHttpClient.sendEvent(527) - responseCode = 200
2020-03-03 02:24:02 INFO  ApacheHttpClient.sendEvent(527) - responseCode = 200
2020-03-03 02:24:02 INFO  ApacheHttpClient.sendEvent(527) - responseCode = 200
2020-03-03 02:25:02 INFO  ApacheHttpClient.sendEvent(527) - responseCode = 200
2020-03-03 02:25:02 INFO  ApacheHttpClient.sendEvent(527) - responseCode = 200
2020-03-03 02:25:02 INFO  ApacheHttpClient.sendEvent(527) - responseCode = 200
2020-03-03 02:25:27 INFO  ApacheHttpClient.getWebResourceAsStream(494) - responseCode = 200
2020-03-03 02:25:27 INFO  ApacheHttpClient.getWebResourceAsStream(494) - responseCode = 200
2020-03-03 02:25:27 INFO  ApacheHttpClient.getWebResourceAsStream(494) - responseCode = 200
2020-03-03 02:25:27 INFO  ApacheHttpClient.getWebResourceAsStream(494) - responseCode = 200
2020-03-03 02:25:27 INFO  ApacheHttpClient.getWebResourceAsStream(494) - responseCode = 200
2020-03-03 02:25:27 INFO  ApacheHttpClient.getWebResourceAsStream(494) - responseCode = 200
2020-03-03 02:25:27 INFO  ApacheHttpClient.getTask(480) - responseCode = 200
2020-03-03 02:25:27 INFO  ApacheHttpClient.getTask(480) - responseCode = 200
2020-03-03 02:25:27 INFO  ApacheHttpClient.getTask(480) - responseCode = 200
2020-03-03 02:25:29 INFO  ApacheHttpClient.completed(28) - responseCode = 200
2020-03-03 02:25:29 INFO  ApacheHttpClient.completed(28) - responseCode = 200
2020-03-03 02:25:29 INFO  ApacheHttpClient.completed(28) - responseCode = 200
2020-03-03 02:26:02 INFO  ApacheHttpClient.sendEvent(527) - responseCode = 200
2020-03-03 02:26:02 INFO  ApacheHttpClient.sendEvent(527) - responseCode = 200
2020-03-03 02:26:02 INFO  ApacheHttpClient.sendEvent(527) - responseCode = 200
2020-03-03 02:26:05 INFO  ApacheHttpClient.getWebResourceAsStream(494) - responseCode = 200
2020-03-03 02:26:05 INFO  ApacheHttpClient.getWebResourceAsStream(494) - responseCode = 200
2020-03-03 02:26:05 INFO  ApacheHttpClient.getWebResourceAsStream(494) - responseCode = 200
2020-03-03 02:26:05 INFO  ApacheHttpClient.getFilteredTasks(333) - responseCode = 200
2020-03-03 02:26:05 INFO  ApacheHttpClient.getFilteredTasks(333) - responseCode = 200
2020-03-03 02:26:05 INFO  ApacheHttpClient.getFilteredTasks(333) - responseCode = 200
2020-03-03 02:26:09 INFO  ApacheHttpClient.getWebResourceAsStream(494) - responseCode = 200
2020-03-03 02:26:09 INFO  ApacheHttpClient.getWebResourceAsStream(494) - responseCode = 200
2020-03-03 02:26:09 INFO  ApacheHttpClient.getWebResourceAsStream(494) - responseCode = 200
2020-03-03 02:26:09 INFO  ApacheHttpClient.getWebResourceAsStream(494) - responseCode = 200
2020-03-03 02:26:09 INFO  ApacheHttpClient.getWebResourceAsStream(494) - responseCode = 200
2020-03-03 02:26:09 INFO  ApacheHttpClient.getWebResourceAsStream(494) - responseCode = 200
2020-03-03 02:26:09 INFO  ApacheHttpClient.getTask(480) - responseCode = 200
2020-03-03 02:26:09 INFO  ApacheHttpClient.getTask(480) - responseCode = 200
2020-03-03 02:26:09 INFO  ApacheHttpClient.getTask(480) - responseCode = 200
2020-03-03 02:26:11 INFO  ApacheHttpClient.completed(28) - responseCode = 200
2020-03-03 02:26:11 INFO  ApacheHttpClient.completed(28) - responseCode = 200
2020-03-03 02:26:11 INFO  ApacheHttpClient.completed(28) - responseCode = 200
2020-03-03 02:26:20 INFO  ApacheHttpClient.getWebResourceAsStream(494) - responseCode = 200
2020-03-03 02:26:20 INFO  ApacheHttpClient.getWebResourceAsStream(494) - responseCode = 200
2020-03-03 02:26:20 INFO  ApacheHttpClient.getWebResourceAsStream(494) - responseCode = 200
2020-03-03 02:26:20 INFO  ApacheHttpClient.getWebResourceAsStream(494) - responseCode = 200
2020-03-03 02:26:20 INFO  ApacheHttpClient.getWebResourceAsStream(494) - responseCode = 200
2020-03-03 02:26:20 INFO  ApacheHttpClient.getWebResourceAsStream(494) - responseCode = 200
2020-03-03 02:26:20 INFO  ApacheHttpClient.getTask(480) - responseCode = 200
2020-03-03 02:26:20 INFO  ApacheHttpClient.getTask(480) - responseCode = 200
2020-03-03 02:26:20 INFO  ApacheHttpClient.getTask(480) - responseCode = 200
2020-03-03 02:26:22 INFO  ApacheHttpClient.completed(28) - responseCode = 200
2020-03-03 02:26:22 INFO  ApacheHttpClient.completed(28) - responseCode = 200
2020-03-03 02:26:22 INFO  ApacheHttpClient.completed(28) - responseCode = 200
2020-03-03 02:26:51 INFO  ApacheHttpClient.getWebResourceAsStream(494) - responseCode = 200
2020-03-03 02:26:51 INFO  ApacheHttpClient.getWebResourceAsStream(494) - responseCode = 200
2020-03-03 02:26:51 INFO  ApacheHttpClient.getWebResourceAsStream(494) - responseCode = 200
2020-03-03 02:26:51 INFO  ApacheHttpClient.getWebResourceAsStream(494) - responseCode = 200
2020-03-03 02:26:51 INFO  ApacheHttpClient.getWebResourceAsStream(494) - responseCode = 200
2020-03-03 02:26:51 INFO  ApacheHttpClient.getWebResourceAsStream(494) - responseCode = 200
2020-03-03 02:26:51 INFO  ApacheHttpClient.getTask(480) - responseCode = 200
2020-03-03 02:26:51 INFO  ApacheHttpClient.getTask(480) - responseCode = 200
2020-03-03 02:26:51 INFO  ApacheHttpClient.getTask(480) - responseCode = 200
2020-03-03 02:26:53 INFO  ApacheHttpClient.completed(28) - responseCode = 200
2020-03-03 02:26:53 INFO  ApacheHttpClient.completed(28) - responseCode = 200
2020-03-03 02:26:53 INFO  ApacheHttpClient.completed(28) - responseCode = 200
2020-03-03 02:27:02 INFO  ApacheHttpClient.sendEvent(527) - responseCode = 200
2020-03-03 02:27:02 INFO  ApacheHttpClient.sendEvent(527) - responseCode = 200
2020-03-03 02:27:02 INFO  ApacheHttpClient.sendEvent(527) - responseCode = 200
2020-03-03 02:27:53 INFO  ApacheHttpClient.getWebResourceAsStream(494) - responseCode = 200
2020-03-03 02:27:53 INFO  ApacheHttpClient.getWebResourceAsStream(494) - responseCode = 200
2020-03-03 02:27:53 INFO  ApacheHttpClient.getWebResourceAsStream(494) - responseCode = 200
2020-03-03 02:27:53 INFO  ApacheHttpClient.getWebResourceAsStream(494) - responseCode = 200
2020-03-03 02:27:53 INFO  ApacheHttpClient.getWebResourceAsStream(494) - responseCode = 200
2020-03-03 02:27:53 INFO  ApacheHttpClient.getWebResourceAsStream(494) - responseCode = 200
2020-03-03 02:27:53 INFO  ApacheHttpClient.getTask(480) - responseCode = 200
2020-03-03 02:27:53 INFO  ApacheHttpClient.getTask(480) - responseCode = 200
2020-03-03 02:27:53 INFO  ApacheHttpClient.getTask(480) - responseCode = 200
2020-03-03 02:27:55 INFO  ApacheHttpClient.completed(28) - responseCode = 200
2020-03-03 02:27:55 INFO  ApacheHttpClient.completed(28) - responseCode = 200
2020-03-03 02:27:55 INFO  ApacheHttpClient.completed(28) - responseCode = 200
2020-03-03 02:28:02 INFO  ApacheHttpClient.sendEvent(527) - responseCode = 200
2020-03-03 02:28:02 INFO  ApacheHttpClient.sendEvent(527) - responseCode = 200
2020-03-03 02:28:02 INFO  ApacheHttpClient.sendEvent(527) - responseCode = 200
2020-03-03 02:28:24 INFO  ApacheHttpClient.getWebResourceAsStream(494) - responseCode = 200
2020-03-03 02:28:24 INFO  ApacheHttpClient.getWebResourceAsStream(494) - responseCode = 200
2020-03-03 02:28:24 INFO  ApacheHttpClient.getWebResourceAsStream(494) - responseCode = 200
2020-03-03 02:28:24 INFO  ApacheHttpClient.getWebResourceAsStream(494) - responseCode = 200
2020-03-03 02:28:24 INFO  ApacheHttpClient.getWebResourceAsStream(494) - responseCode = 200
2020-03-03 02:28:24 INFO  ApacheHttpClient.getWebResourceAsStream(494) - responseCode = 200
2020-03-03 02:28:24 INFO  ApacheHttpClient.getTask(480) - responseCode = 200
2020-03-03 02:28:24 INFO  ApacheHttpClient.getTask(480) - responseCode = 200
2020-03-03 02:28:24 INFO  ApacheHttpClient.getTask(480) - responseCode = 200
2020-03-03 02:28:25 INFO  ApacheHttpClient.completed(28) - responseCode = 200
2020-03-03 02:28:25 INFO  ApacheHttpClient.completed(28) - responseCode = 200
2020-03-03 02:28:25 INFO  ApacheHttpClient.completed(28) - responseCode = 200
2020-03-03 02:28:32 INFO  ApacheHttpClient.getWebResourceAsStream(494) - responseCode = 200
2020-03-03 02:28:32 INFO  ApacheHttpClient.getWebResourceAsStream(494) - responseCode = 200
2020-03-03 02:28:32 INFO  ApacheHttpClient.getWebResourceAsStream(494) - responseCode = 200
2020-03-03 02:28:32 INFO  ApacheHttpClient.getWebResourceAsStream(494) - responseCode = 200
2020-03-03 02:28:32 INFO  ApacheHttpClient.getWebResourceAsStream(494) - responseCode = 200
2020-03-03 02:28:32 INFO  ApacheHttpClient.getWebResourceAsStream(494) - responseCode = 200
2020-03-03 02:28:32 INFO  ApacheHttpClient.getTask(480) - responseCode = 200
2020-03-03 02:28:32 INFO  ApacheHttpClient.getTask(480) - responseCode = 200
2020-03-03 02:28:32 INFO  ApacheHttpClient.getTask(480) - responseCode = 200
2020-03-03 02:28:33 INFO  ApacheHttpClient.completed(28) - responseCode = 200
2020-03-03 02:28:33 INFO  ApacheHttpClient.completed(28) - responseCode = 200
2020-03-03 02:28:33 INFO  ApacheHttpClient.completed(28) - responseCode = 200
2020-03-03 02:29:02 INFO  ApacheHttpClient.sendEvent(527) - responseCode = 200
2020-03-03 02:29:02 INFO  ApacheHttpClient.sendEvent(527) - responseCode = 200
2020-03-03 02:29:02 INFO  ApacheHttpClient.sendEvent(527) - responseCode = 200
2020-03-03 02:30:02 INFO  ApacheHttpClient.sendEvent(527) - responseCode = 200
2020-03-03 02:30:02 INFO  ApacheHttpClient.sendEvent(527) - responseCode = 200
2020-03-03 02:30:02 INFO  ApacheHttpClient.sendEvent(527) - responseCode = 200
2020-03-03 02:31:02 INFO  ApacheHttpClient.sendEvent(527) - responseCode = 200
2020-03-03 02:31:02 INFO  ApacheHttpClient.sendEvent(527) - responseCode = 200
2020-03-03 02:31:02 INFO  ApacheHttpClient.sendEvent(527) - responseCode = 200
2020-03-03 02:32:02 INFO  ApacheHttpClient.sendEvent(527) - responseCode = 200
2020-03-03 02:32:02 INFO  ApacheHttpClient.sendEvent(527) - responseCode = 200
2020-03-03 02:32:02 INFO  ApacheHttpClient.sendEvent(527) - responseCode = 200
2020-03-03 02:33:02 INFO  ApacheHttpClient.sendEvent(527) - responseCode = 200
2020-03-03 02:33:02 INFO  ApacheHttpClient.sendEvent(527) - responseCode = 200
2020-03-03 02:33:02 INFO  ApacheHttpClient.sendEvent(527) - responseCode = 200
2020-03-03 02:34:02 INFO  ApacheHttpClient.sendEvent(527) - responseCode = 200
2020-03-03 02:34:02 INFO  ApacheHttpClient.sendEvent(527) - responseCode = 200
2020-03-03 02:34:02 INFO  ApacheHttpClient.sendEvent(527) - responseCode = 200
2020-03-03 02:35:02 INFO  ApacheHttpClient.sendEvent(527) - responseCode = 200
2020-03-03 02:35:02 INFO  ApacheHttpClient.sendEvent(527) - responseCode = 200
2020-03-03 02:35:02 INFO  ApacheHttpClient.sendEvent(527) - responseCode = 200
2020-03-03 02:35:44 INFO  ApacheHttpClient.getWebResourceAsStream(494) - responseCode = 200
2020-03-03 02:35:44 INFO  ApacheHttpClient.getWebResourceAsStream(494) - responseCode = 200
2020-03-03 02:35:44 INFO  ApacheHttpClient.getWebResourceAsStream(494) - responseCode = 200
2020-03-03 02:35:45 INFO  ApacheHttpClient.getTask(480) - responseCode = 200
2020-03-03 02:35:45 INFO  ApacheHttpClient.getTask(480) - responseCode = 200
2020-03-03 02:35:45 INFO  ApacheHttpClient.getTask(480) - responseCode = 200
2020-03-03 02:35:45 INFO  ApacheHttpClient.getWebResourceAsStream(494) - responseCode = 200
2020-03-03 02:35:45 INFO  ApacheHttpClient.getWebResourceAsStream(494) - responseCode = 200
2020-03-03 02:35:45 INFO  ApacheHttpClient.getWebResourceAsStream(494) - responseCode = 200
2020-03-03 02:35:46 INFO  ApacheHttpClient.completed(28) - responseCode = 200
2020-03-03 02:35:46 INFO  ApacheHttpClient.completed(28) - responseCode = 200
2020-03-03 02:35:46 INFO  ApacheHttpClient.completed(28) - responseCode = 200
2020-03-03 02:36:02 INFO  ApacheHttpClient.sendEvent(527) - responseCode = 200
2020-03-03 02:36:02 INFO  ApacheHttpClient.sendEvent(527) - responseCode = 200
2020-03-03 02:36:02 INFO  ApacheHttpClient.sendEvent(527) - responseCode = 200
2020-03-03 02:37:02 INFO  ApacheHttpClient.sendEvent(527) - responseCode = 200
2020-03-03 02:37:02 INFO  ApacheHttpClient.sendEvent(527) - responseCode = 200
2020-03-03 02:37:02 INFO  ApacheHttpClient.sendEvent(527) - responseCode = 200
2020-03-03 02:37:40 INFO  ApacheHttpClient.getWebResourceAsStream(494) - responseCode = 200
2020-03-03 02:37:40 INFO  ApacheHttpClient.getWebResourceAsStream(494) - responseCode = 200
2020-03-03 02:37:40 INFO  ApacheHttpClient.getWebResourceAsStream(494) - responseCode = 200
2020-03-03 02:37:40 INFO  ApacheHttpClient.getWebResourceAsStream(494) - responseCode = 200
2020-03-03 02:37:40 INFO  ApacheHttpClient.getWebResourceAsStream(494) - responseCode = 200
2020-03-03 02:37:40 INFO  ApacheHttpClient.getWebResourceAsStream(494) - responseCode = 200
2020-03-03 02:37:40 INFO  ApacheHttpClient.getTask(480) - responseCode = 200
2020-03-03 02:37:40 INFO  ApacheHttpClient.getTask(480) - responseCode = 200
2020-03-03 02:37:40 INFO  ApacheHttpClient.getTask(480) - responseCode = 200
2020-03-03 02:37:42 INFO  ApacheHttpClient.completed(28) - responseCode = 200
2020-03-03 02:37:42 INFO  ApacheHttpClient.completed(28) - responseCode = 200
2020-03-03 02:37:42 INFO  ApacheHttpClient.completed(28) - responseCode = 200
2020-03-03 02:38:02 INFO  ApacheHttpClient.sendEvent(527) - responseCode = 200
2020-03-03 02:38:02 INFO  ApacheHttpClient.sendEvent(527) - responseCode = 200
2020-03-03 02:38:02 INFO  ApacheHttpClient.sendEvent(527) - responseCode = 200
2020-03-03 02:38:19 INFO  ApacheHttpClient.getWebResourceAsStream(494) - responseCode = 200
2020-03-03 02:38:19 INFO  ApacheHttpClient.getWebResourceAsStream(494) - responseCode = 200
2020-03-03 02:38:19 INFO  ApacheHttpClient.getWebResourceAsStream(494) - responseCode = 200
2020-03-03 02:38:19 INFO  ApacheHttpClient.getWebResourceAsStream(494) - responseCode = 200
2020-03-03 02:38:19 INFO  ApacheHttpClient.getWebResourceAsStream(494) - responseCode = 200
2020-03-03 02:38:19 INFO  ApacheHttpClient.getWebResourceAsStream(494) - responseCode = 200
2020-03-03 02:38:19 INFO  ApacheHttpClient.getTask(480) - responseCode = 200
2020-03-03 02:38:19 INFO  ApacheHttpClient.getTask(480) - responseCode = 200
2020-03-03 02:38:19 INFO  ApacheHttpClient.getTask(480) - responseCode = 200
2020-03-03 02:38:21 INFO  ApacheHttpClient.completed(28) - responseCode = 200
2020-03-03 02:38:21 INFO  ApacheHttpClient.completed(28) - responseCode = 200
2020-03-03 02:38:21 INFO  ApacheHttpClient.completed(28) - responseCode = 200
2020-03-03 02:38:21 INFO  ApacheHttpClient.getTask(480) - responseCode = 200
2020-03-03 02:38:21 INFO  ApacheHttpClient.getTask(480) - responseCode = 200
2020-03-03 02:38:21 INFO  ApacheHttpClient.getTask(480) - responseCode = 200
2020-03-03 02:38:28 INFO  ApacheHttpClient.getWebResourceAsStream(494) - responseCode = 200
2020-03-03 02:38:28 INFO  ApacheHttpClient.getWebResourceAsStream(494) - responseCode = 200
2020-03-03 02:38:28 INFO  ApacheHttpClient.getWebResourceAsStream(494) - responseCode = 200
2020-03-03 02:38:28 INFO  ApacheHttpClient.getFilteredTasks(333) - responseCode = 200
2020-03-03 02:38:28 INFO  ApacheHttpClient.getFilteredTasks(333) - responseCode = 200
2020-03-03 02:38:28 INFO  ApacheHttpClient.getFilteredTasks(333) - responseCode = 200
2020-03-03 02:38:38 INFO  ApacheHttpClient.getWebResourceAsStream(494) - responseCode = 200
2020-03-03 02:38:38 INFO  ApacheHttpClient.getWebResourceAsStream(494) - responseCode = 200
2020-03-03 02:38:38 INFO  ApacheHttpClient.getWebResourceAsStream(494) - responseCode = 200
2020-03-03 02:38:39 INFO  ApacheHttpClient.getTask(480) - responseCode = 200
2020-03-03 02:38:39 INFO  ApacheHttpClient.getTask(480) - responseCode = 200
2020-03-03 02:38:39 INFO  ApacheHttpClient.getTask(480) - responseCode = 200
2020-03-03 02:38:39 INFO  ApacheHttpClient.getWebResourceAsStream(494) - responseCode = 200
2020-03-03 02:38:39 INFO  ApacheHttpClient.getWebResourceAsStream(494) - responseCode = 200
2020-03-03 02:38:39 INFO  ApacheHttpClient.getWebResourceAsStream(494) - responseCode = 200
2020-03-03 02:38:40 INFO  ApacheHttpClient.completed(28) - responseCode = 200
2020-03-03 02:38:40 INFO  ApacheHttpClient.completed(28) - responseCode = 200
2020-03-03 02:38:40 INFO  ApacheHttpClient.completed(28) - responseCode = 200
2020-03-03 02:38:40 INFO  ApacheHttpClient.getTask(480) - responseCode = 200
2020-03-03 02:38:40 INFO  ApacheHttpClient.getTask(480) - responseCode = 200
2020-03-03 02:38:40 INFO  ApacheHttpClient.getTask(480) - responseCode = 200
2020-03-03 02:39:02 INFO  ApacheHttpClient.sendEvent(527) - responseCode = 200
2020-03-03 02:39:02 INFO  ApacheHttpClient.sendEvent(527) - responseCode = 200
2020-03-03 02:39:02 INFO  ApacheHttpClient.sendEvent(527) - responseCode = 200
2020-03-03 02:39:28 INFO  ApacheHttpClient.getWebResourceAsStream(494) - responseCode = 200
2020-03-03 02:39:28 INFO  ApacheHttpClient.getWebResourceAsStream(494) - responseCode = 200
2020-03-03 02:39:28 INFO  ApacheHttpClient.getWebResourceAsStream(494) - responseCode = 200
2020-03-03 02:39:28 INFO  ApacheHttpClient.getFilteredTasks(333) - responseCode = 200
2020-03-03 02:39:28 INFO  ApacheHttpClient.getFilteredTasks(333) - responseCode = 200
2020-03-03 02:39:28 INFO  ApacheHttpClient.getFilteredTasks(333) - responseCode = 200
2020-03-03 02:39:29 INFO  ApacheHttpClient.getWebResourceAsStream(494) - responseCode = 200
2020-03-03 02:39:29 INFO  ApacheHttpClient.getWebResourceAsStream(494) - responseCode = 200
2020-03-03 02:39:29 INFO  ApacheHttpClient.getWebResourceAsStream(494) - responseCode = 200
2020-03-03 02:39:29 INFO  ApacheHttpClient.getTaskTemplateInfo(350) - responseCode = 200
2020-03-03 02:39:29 INFO  ApacheHttpClient.getTaskTemplateInfo(350) - responseCode = 200
2020-03-03 02:39:29 INFO  ApacheHttpClient.getTaskTemplateInfo(350) - responseCode = 200
2020-03-03 02:39:35 INFO  ApacheHttpClient.getWebResourceAsStream(494) - responseCode = 200
2020-03-03 02:39:35 INFO  ApacheHttpClient.getWebResourceAsStream(494) - responseCode = 200
2020-03-03 02:39:35 INFO  ApacheHttpClient.getWebResourceAsStream(494) - responseCode = 200
2020-03-03 02:40:02 INFO  ApacheHttpClient.sendEvent(527) - responseCode = 200
2020-03-03 02:40:02 INFO  ApacheHttpClient.sendEvent(527) - responseCode = 200
2020-03-03 02:40:02 INFO  ApacheHttpClient.sendEvent(527) - responseCode = 200
2020-03-03 02:41:02 INFO  ApacheHttpClient.sendEvent(527) - responseCode = 200
2020-03-03 02:41:02 INFO  ApacheHttpClient.sendEvent(527) - responseCode = 200
2020-03-03 02:41:02 INFO  ApacheHttpClient.sendEvent(527) - responseCode = 200
2020-03-03 02:42:02 INFO  ApacheHttpClient.sendEvent(527) - responseCode = 200
2020-03-03 02:42:02 INFO  ApacheHttpClient.sendEvent(527) - responseCode = 200
2020-03-03 02:42:02 INFO  ApacheHttpClient.sendEvent(527) - responseCode = 200
2020-03-03 02:43:02 INFO  ApacheHttpClient.sendEvent(527) - responseCode = 200
2020-03-03 02:43:02 INFO  ApacheHttpClient.sendEvent(527) - responseCode = 200
2020-03-03 02:43:02 INFO  ApacheHttpClient.sendEvent(527) - responseCode = 200
2020-03-03 02:44:02 INFO  ApacheHttpClient.sendEvent(527) - responseCode = 200
2020-03-03 02:44:02 INFO  ApacheHttpClient.sendEvent(527) - responseCode = 200
2020-03-03 02:44:02 INFO  ApacheHttpClient.sendEvent(527) - responseCode = 200
2020-03-03 02:45:02 INFO  ApacheHttpClient.sendEvent(527) - responseCode = 200
2020-03-03 02:45:02 INFO  ApacheHttpClient.sendEvent(527) - responseCode = 200
2020-03-03 02:45:02 INFO  ApacheHttpClient.sendEvent(527) - responseCode = 200
2020-03-03 02:45:02 INFO  ApacheHttpClient.getWebResourceAsStream(494) - responseCode = 200
2020-03-03 02:45:02 INFO  ApacheHttpClient.getWebResourceAsStream(494) - responseCode = 200
2020-03-03 02:45:02 INFO  ApacheHttpClient.getWebResourceAsStream(494) - responseCode = 200
2020-03-03 02:45:02 INFO  ApacheHttpClient.getWebResourceAsStream(494) - responseCode = 200
2020-03-03 02:45:02 INFO  ApacheHttpClient.getWebResourceAsStream(494) - responseCode = 200
2020-03-03 02:45:02 INFO  ApacheHttpClient.getWebResourceAsStream(494) - responseCode = 200
2020-03-03 02:45:02 INFO  ApacheHttpClient.getTask(480) - responseCode = 200
2020-03-03 02:45:02 INFO  ApacheHttpClient.getTask(480) - responseCode = 200
2020-03-03 02:45:02 INFO  ApacheHttpClient.getTask(480) - responseCode = 200
2020-03-03 02:45:05 INFO  ApacheHttpClient.completed(28) - responseCode = 200
2020-03-03 02:45:05 INFO  ApacheHttpClient.completed(28) - responseCode = 200
2020-03-03 02:45:05 INFO  ApacheHttpClient.completed(28) - responseCode = 200
2020-03-03 02:45:50 INFO  ApacheHttpClient.getWebResourceAsStream(494) - responseCode = 200
2020-03-03 02:45:50 INFO  ApacheHttpClient.getWebResourceAsStream(494) - responseCode = 200
2020-03-03 02:45:50 INFO  ApacheHttpClient.getWebResourceAsStream(494) - responseCode = 200
2020-03-03 02:45:50 INFO  ApacheHttpClient.getWebResourceAsStream(494) - responseCode = 200
2020-03-03 02:45:50 INFO  ApacheHttpClient.getWebResourceAsStream(494) - responseCode = 200
2020-03-03 02:45:50 INFO  ApacheHttpClient.getWebResourceAsStream(494) - responseCode = 200
2020-03-03 02:45:50 INFO  ApacheHttpClient.getTask(480) - responseCode = 200
2020-03-03 02:45:50 INFO  ApacheHttpClient.getTask(480) - responseCode = 200
2020-03-03 02:45:50 INFO  ApacheHttpClient.getTask(480) - responseCode = 200
2020-03-03 02:45:53 INFO  ApacheHttpClient.completed(28) - responseCode = 200
2020-03-03 02:45:53 INFO  ApacheHttpClient.completed(28) - responseCode = 200
2020-03-03 02:45:53 INFO  ApacheHttpClient.completed(28) - responseCode = 200
2020-03-03 02:46:02 INFO  ApacheHttpClient.sendEvent(527) - responseCode = 200
2020-03-03 02:46:02 INFO  ApacheHttpClient.sendEvent(527) - responseCode = 200
2020-03-03 02:46:02 INFO  ApacheHttpClient.sendEvent(527) - responseCode = 200
2020-03-03 02:46:56 INFO  ApacheHttpClient.getWebResourceAsStream(494) - responseCode = 200
2020-03-03 02:46:56 INFO  ApacheHttpClient.getWebResourceAsStream(494) - responseCode = 200
2020-03-03 02:46:56 INFO  ApacheHttpClient.getWebResourceAsStream(494) - responseCode = 200
2020-03-03 02:46:56 INFO  ApacheHttpClient.getWebResourceAsStream(494) - responseCode = 200
2020-03-03 02:46:56 INFO  ApacheHttpClient.getWebResourceAsStream(494) - responseCode = 200
2020-03-03 02:46:56 INFO  ApacheHttpClient.getWebResourceAsStream(494) - responseCode = 200
2020-03-03 02:46:56 INFO  ApacheHttpClient.getTask(480) - responseCode = 200
2020-03-03 02:46:56 INFO  ApacheHttpClient.getTask(480) - responseCode = 200
2020-03-03 02:46:56 INFO  ApacheHttpClient.getTask(480) - responseCode = 200
2020-03-03 02:46:59 INFO  ApacheHttpClient.completed(28) - responseCode = 200
2020-03-03 02:46:59 INFO  ApacheHttpClient.completed(28) - responseCode = 200
2020-03-03 02:46:59 INFO  ApacheHttpClient.completed(28) - responseCode = 200
2020-03-03 02:46:59 INFO  ApacheHttpClient.getTask(480) - responseCode = 200
2020-03-03 02:46:59 INFO  ApacheHttpClient.getTask(480) - responseCode = 200
2020-03-03 02:46:59 INFO  ApacheHttpClient.getTask(480) - responseCode = 200
2020-03-03 02:47:02 INFO  ApacheHttpClient.sendEvent(527) - responseCode = 200
2020-03-03 02:47:02 INFO  ApacheHttpClient.sendEvent(527) - responseCode = 200
2020-03-03 02:47:02 INFO  ApacheHttpClient.sendEvent(527) - responseCode = 200
2020-03-03 02:47:27 INFO  ApacheHttpClient.getWebResourceAsStream(494) - responseCode = 200
2020-03-03 02:47:27 INFO  ApacheHttpClient.getWebResourceAsStream(494) - responseCode = 200
2020-03-03 02:47:27 INFO  ApacheHttpClient.getWebResourceAsStream(494) - responseCode = 200
2020-03-03 02:47:27 INFO  ApacheHttpClient.getFilteredTasks(333) - responseCode = 200
2020-03-03 02:47:27 INFO  ApacheHttpClient.getFilteredTasks(333) - responseCode = 200
2020-03-03 02:47:27 INFO  ApacheHttpClient.getFilteredTasks(333) - responseCode = 200
2020-03-03 02:47:30 INFO  ApacheHttpClient.getWebResourceAsStream(494) - responseCode = 200
2020-03-03 02:47:30 INFO  ApacheHttpClient.getWebResourceAsStream(494) - responseCode = 200
2020-03-03 02:47:30 INFO  ApacheHttpClient.getWebResourceAsStream(494) - responseCode = 200
2020-03-03 02:47:30 INFO  ApacheHttpClient.getTaskTemplateInfo(350) - responseCode = 200
2020-03-03 02:47:30 INFO  ApacheHttpClient.getTaskTemplateInfo(350) - responseCode = 200
2020-03-03 02:47:30 INFO  ApacheHttpClient.getTaskTemplateInfo(350) - responseCode = 200
2020-03-03 02:47:32 INFO  ApacheHttpClient.getWebResourceAsStream(494) - responseCode = 200
2020-03-03 02:47:32 INFO  ApacheHttpClient.getWebResourceAsStream(494) - responseCode = 200
2020-03-03 02:47:32 INFO  ApacheHttpClient.getWebResourceAsStream(494) - responseCode = 200
2020-03-03 02:48:02 INFO  ApacheHttpClient.sendEvent(527) - responseCode = 200
2020-03-03 02:48:02 INFO  ApacheHttpClient.sendEvent(527) - responseCode = 200
2020-03-03 02:48:02 INFO  ApacheHttpClient.sendEvent(527) - responseCode = 200
